{"C:\\Users\\USER\\Downloads\\TMS\\React\\EgorDavidovich\\src\\index.js": {"path":"C:\\Users\\USER\\Downloads\\TMS\\React\\EgorDavidovich\\src\\index.js","statementMap":{"0":{"start":{"line":2,"column":4},"end":{"line":2,"column":17}}},"fnMap":{"0":{"name":"sum","decl":{"start":{"line":1,"column":24},"end":{"line":1,"column":27}},"loc":{"start":{"line":1,"column":33},"end":{"line":3,"column":1}},"line":1}},"branchMap":{},"s":{"0":1},"f":{"0":1},"b":{},"_coverageSchema":"1a1c01bbd47fc00a2c39e90264f33305004495a9","hash":"35cf79c8ac0c5509d1e591151af6da1a0a271f73"}
,"C:\\Users\\USER\\Downloads\\TMS\\React\\EgorDavidovich\\src\\utils\\date.js": {"path":"C:\\Users\\USER\\Downloads\\TMS\\React\\EgorDavidovich\\src\\utils\\date.js","statementMap":{"0":{"start":{"line":1,"column":26},"end":{"line":1,"column":42}},"1":{"start":{"line":1,"column":32},"end":{"line":1,"column":42}}},"fnMap":{"0":{"name":"(anonymous_0)","decl":{"start":{"line":1,"column":26},"end":{"line":1,"column":27}},"loc":{"start":{"line":1,"column":32},"end":{"line":1,"column":42}},"line":1}},"branchMap":{},"s":{"0":2,"1":2},"f":{"0":2},"b":{},"_coverageSchema":"1a1c01bbd47fc00a2c39e90264f33305004495a9","hash":"7acfa680d350902bce023e6aeb2b5531e0b98547"}
,"C:\\Users\\USER\\Downloads\\TMS\\React\\EgorDavidovich\\src\\utils\\getAgeInDays.js": {"path":"C:\\Users\\USER\\Downloads\\TMS\\React\\EgorDavidovich\\src\\utils\\getAgeInDays.js","statementMap":{"0":{"start":{"line":2,"column":31},"end":{"line":2,"column":70}},"1":{"start":{"line":2,"column":38},"end":{"line":2,"column":70}}},"fnMap":{"0":{"name":"(anonymous_0)","decl":{"start":{"line":2,"column":31},"end":{"line":2,"column":32}},"loc":{"start":{"line":2,"column":38},"end":{"line":2,"column":70}},"line":2}},"branchMap":{},"s":{"0":1,"1":1},"f":{"0":1},"b":{},"_coverageSchema":"1a1c01bbd47fc00a2c39e90264f33305004495a9","hash":"a5d0b826008fa89158012951ef08acd9e1b32139"}
}
